{"/home/runner/work/employees-salaries/employees-salaries/src/common/file-path/file-path.context.ts": {"path":"/home/runner/work/employees-salaries/employees-salaries/src/common/file-path/file-path.context.ts","statementMap":{"0":{"start":{"line":2,"column":0},"end":{"line":2,"column":81}},"1":{"start":{"line":3,"column":0},"end":{"line":3,"column":90}},"2":{"start":{"line":6,"column":22},"end":{"line":6,"column":56}},"3":{"start":{"line":9,"column":27},"end":{"line":9,"column":29}},"4":{"start":{"line":10,"column":38},"end":{"line":10,"column":77}},"5":{"start":{"line":12,"column":4},"end":{"line":17,"column":null}},"6":{"start":{"line":13,"column":6},"end":{"line":16,"column":8}},"7":{"start":{"line":19,"column":4},"end":{"line":19,"column":31}},"8":{"start":{"line":20,"column":4},"end":{"line":20,"column":50}},"9":{"start":{"line":24,"column":0},"end":{"line":24,"column":31}}},"fnMap":{"0":{"name":"(anonymous_8)","decl":{"start":{"line":6,"column":2},"end":{"line":6,"column":22}},"loc":{"start":{"line":6,"column":56},"end":{"line":6,"column":60}}},"1":{"name":"(anonymous_9)","decl":{"start":{"line":8,"column":8},"end":{"line":8,"column":19}},"loc":{"start":{"line":8,"column":19},"end":{"line":21,"column":null}}}},"branchMap":{"0":{"loc":{"start":{"line":12,"column":4},"end":{"line":17,"column":null}},"type":"if","locations":[{"start":{"line":12,"column":4},"end":{"line":17,"column":null}},{"start":{"line":12,"column":4},"end":{"line":17,"column":null}}]}},"s":{"0":2,"1":2,"2":3,"3":1,"4":1,"5":1,"6":0,"7":1,"8":1,"9":2},"f":{"0":3,"1":1},"b":{"0":[0,1]}}
,"/home/runner/work/employees-salaries/employees-salaries/src/common/file-path/file-path.utils.ts": {"path":"/home/runner/work/employees-salaries/employees-salaries/src/common/file-path/file-path.utils.ts","statementMap":{"0":{"start":{"line":2,"column":0},"end":{"line":2,"column":67}},"1":{"start":{"line":3,"column":0},"end":{"line":3,"column":63}},"2":{"start":{"line":4,"column":0},"end":{"line":4,"column":63}},"3":{"start":{"line":6,"column":35},"end":{"line":27,"column":1}},"4":{"start":{"line":7,"column":21},"end":{"line":7,"column":49}},"5":{"start":{"line":9,"column":28},"end":{"line":22,"column":4}},"6":{"start":{"line":24,"column":33},"end":{"line":24,"column":94}},"7":{"start":{"line":24,"column":72},"end":{"line":24,"column":93}},"8":{"start":{"line":26,"column":2},"end":{"line":26,"column":42}},"9":{"start":{"line":6,"column":13},"end":{"line":6,"column":35}}},"fnMap":{"0":{"name":"(anonymous_1)","decl":{"start":{"line":6,"column":35},"end":{"line":6,"column":36}},"loc":{"start":{"line":6,"column":94},"end":{"line":27,"column":1}}},"1":{"name":"(anonymous_2)","decl":{"start":{"line":24,"column":56},"end":{"line":24,"column":57}},"loc":{"start":{"line":24,"column":72},"end":{"line":24,"column":93}}}},"branchMap":{"0":{"loc":{"start":{"line":26,"column":31},"end":{"line":26,"column":33}},"type":"cond-expr","locations":[{"start":{"line":26,"column":31},"end":{"line":26,"column":33}},{"start":{"line":26,"column":9},"end":{"line":26,"column":41}}]},"1":{"loc":{"start":{"line":26,"column":9},"end":{"line":26,"column":33}},"type":"binary-expr","locations":[{"start":{"line":26,"column":9},"end":{"line":26,"column":33}},{"start":{"line":26,"column":9},"end":{"line":26,"column":33}}]}},"s":{"0":2,"1":2,"2":2,"3":2,"4":6,"5":6,"6":6,"7":14,"8":6,"9":2},"f":{"0":6,"1":14},"b":{"0":[2,4],"1":[6,6]}}
,"/home/runner/work/employees-salaries/employees-salaries/src/common/schedule/work-schedule.model.ts": {"path":"/home/runner/work/employees-salaries/employees-salaries/src/common/schedule/work-schedule.model.ts","statementMap":{"0":{"start":{"line":20,"column":2},"end":{"line":33,"column":4}},"1":{"start":{"line":7,"column":4},"end":{"line":11,"column":6}},"2":{"start":{"line":13,"column":4},"end":{"line":17,"column":6}},"3":{"start":{"line":36,"column":18},"end":{"line":37,"column":null}},"4":{"start":{"line":37,"column":44},"end":{"line":37,"column":80}},"5":{"start":{"line":40,"column":4},"end":{"line":40,"column":21}},"6":{"start":{"line":44,"column":21},"end":{"line":44,"column":51}},"7":{"start":{"line":45,"column":4},"end":{"line":45,"column":55}},"8":{"start":{"line":49,"column":0},"end":{"line":49,"column":28}}},"fnMap":{"0":{"name":"(anonymous_0)","decl":{"start":{"line":6,"column":2},"end":{"line":6,"column":null}},"loc":{"start":{"line":6,"column":2},"end":{"line":18,"column":3}}},"1":{"name":"(anonymous_1)","decl":{"start":{"line":35,"column":2},"end":{"line":35,"column":10}},"loc":{"start":{"line":35,"column":23},"end":{"line":41,"column":3}}},"2":{"name":"(anonymous_2)","decl":{"start":{"line":37,"column":6},"end":{"line":37,"column":7}},"loc":{"start":{"line":37,"column":44},"end":{"line":37,"column":80}}},"3":{"name":"(anonymous_3)","decl":{"start":{"line":43,"column":2},"end":{"line":43,"column":15}},"loc":{"start":{"line":43,"column":27},"end":{"line":46,"column":3}}}},"branchMap":{"0":{"loc":{"start":{"line":37,"column":44},"end":{"line":37,"column":60}},"type":"binary-expr","locations":[{"start":{"line":37,"column":44},"end":{"line":37,"column":60}},{"start":{"line":37,"column":64},"end":{"line":37,"column":80}}]},"1":{"loc":{"start":{"line":40,"column":16},"end":{"line":40,"column":18}},"type":"cond-expr","locations":[{"start":{"line":40,"column":16},"end":{"line":40,"column":18}},{"start":{"line":40,"column":11},"end":{"line":40,"column":20}}]},"2":{"loc":{"start":{"line":40,"column":11},"end":{"line":40,"column":18}},"type":"binary-expr","locations":[{"start":{"line":40,"column":11},"end":{"line":40,"column":18}},{"start":{"line":40,"column":11},"end":{"line":40,"column":18}}]},"3":{"loc":{"start":{"line":45,"column":36},"end":{"line":45,"column":42}},"type":"cond-expr","locations":[{"start":{"line":45,"column":36},"end":{"line":45,"column":42}},{"start":{"line":45,"column":45},"end":{"line":45,"column":54}}]}},"s":{"0":43,"1":43,"2":43,"3":236,"4":506,"5":236,"6":43,"7":43,"8":3},"f":{"0":43,"1":236,"2":506,"3":43},"b":{"0":[506,506],"1":[0,236],"2":[236,236],"3":[30,13]}}
,"/home/runner/work/employees-salaries/employees-salaries/src/common/strategies/file-path/default-file.ts": {"path":"/home/runner/work/employees-salaries/employees-salaries/src/common/strategies/file-path/default-file.ts","statementMap":{"0":{"start":{"line":2,"column":0},"end":{"line":2,"column":72}},"1":{"start":{"line":5,"column":2},"end":{"line":5,"column":42}},"2":{"start":{"line":5,"column":36},"end":{"line":5,"column":41}},"3":{"start":{"line":7,"column":2},"end":{"line":7,"column":47}},"4":{"start":{"line":7,"column":27},"end":{"line":7,"column":46}},"5":{"start":{"line":9,"column":2},"end":{"line":9,"column":38}},"6":{"start":{"line":9,"column":35},"end":{"line":9,"column":37}},"7":{"start":{"line":12,"column":0},"end":{"line":12,"column":27}}},"fnMap":{"0":{"name":"(anonymous_0)","decl":{"start":{"line":4,"column":0},"end":{"line":4,"column":6}},"loc":{"start":{"line":4,"column":0},"end":{"line":10,"column":1}}},"1":{"name":"(anonymous_1)","decl":{"start":{"line":5,"column":20},"end":{"line":5,"column":33}},"loc":{"start":{"line":5,"column":36},"end":{"line":5,"column":41}}},"2":{"name":"(anonymous_2)","decl":{"start":{"line":7,"column":12},"end":{"line":7,"column":24}},"loc":{"start":{"line":7,"column":27},"end":{"line":7,"column":46}}},"3":{"name":"(anonymous_3)","decl":{"start":{"line":9,"column":20},"end":{"line":9,"column":32}},"loc":{"start":{"line":9,"column":35},"end":{"line":9,"column":37}}}},"branchMap":{},"s":{"0":2,"1":6,"2":1,"3":6,"4":1,"5":6,"6":0,"7":2},"f":{"0":6,"1":1,"2":1,"3":0},"b":{}}
,"/home/runner/work/employees-salaries/employees-salaries/src/common/strategies/file-path/file-directory.ts": {"path":"/home/runner/work/employees-salaries/employees-salaries/src/common/strategies/file-path/file-directory.ts","statementMap":{"0":{"start":{"line":1,"column":0},"end":{"line":1,"column":94}},"1":{"start":{"line":5,"column":2},"end":{"line":5,"column":41}},"2":{"start":{"line":5,"column":36},"end":{"line":5,"column":40}},"3":{"start":{"line":7,"column":2},"end":{"line":7,"column":69}},"4":{"start":{"line":7,"column":35},"end":{"line":7,"column":68}},"5":{"start":{"line":9,"column":2},"end":{"line":9,"column":44}},"6":{"start":{"line":9,"column":35},"end":{"line":9,"column":43}},"7":{"start":{"line":12,"column":0},"end":{"line":12,"column":29}}},"fnMap":{"0":{"name":"(anonymous_1)","decl":{"start":{"line":4,"column":0},"end":{"line":4,"column":6}},"loc":{"start":{"line":4,"column":0},"end":{"line":10,"column":1}}},"1":{"name":"(anonymous_2)","decl":{"start":{"line":5,"column":20},"end":{"line":5,"column":33}},"loc":{"start":{"line":5,"column":36},"end":{"line":5,"column":40}}},"2":{"name":"(anonymous_3)","decl":{"start":{"line":7,"column":20},"end":{"line":7,"column":32}},"loc":{"start":{"line":7,"column":35},"end":{"line":7,"column":68}}},"3":{"name":"(anonymous_4)","decl":{"start":{"line":9,"column":12},"end":{"line":9,"column":13}},"loc":{"start":{"line":9,"column":35},"end":{"line":9,"column":43}}}},"branchMap":{},"s":{"0":2,"1":8,"2":1,"3":8,"4":1,"5":8,"6":0,"7":2},"f":{"0":8,"1":1,"2":1,"3":0},"b":{}}
,"/home/runner/work/employees-salaries/employees-salaries/src/common/strategies/file-path/file-project.ts": {"path":"/home/runner/work/employees-salaries/employees-salaries/src/common/strategies/file-path/file-project.ts","statementMap":{"0":{"start":{"line":1,"column":0},"end":{"line":1,"column":24}},"1":{"start":{"line":2,"column":0},"end":{"line":2,"column":94}},"2":{"start":{"line":6,"column":2},"end":{"line":6,"column":41}},"3":{"start":{"line":6,"column":36},"end":{"line":6,"column":40}},"4":{"start":{"line":8,"column":2},"end":{"line":8,"column":70}},"5":{"start":{"line":8,"column":35},"end":{"line":8,"column":69}},"6":{"start":{"line":10,"column":2},"end":{"line":10,"column":96}},"7":{"start":{"line":10,"column":44},"end":{"line":10,"column":95}},"8":{"start":{"line":13,"column":0},"end":{"line":13,"column":27}}},"fnMap":{"0":{"name":"(anonymous_1)","decl":{"start":{"line":5,"column":0},"end":{"line":5,"column":6}},"loc":{"start":{"line":5,"column":0},"end":{"line":11,"column":1}}},"1":{"name":"(anonymous_2)","decl":{"start":{"line":6,"column":20},"end":{"line":6,"column":33}},"loc":{"start":{"line":6,"column":36},"end":{"line":6,"column":40}}},"2":{"name":"(anonymous_3)","decl":{"start":{"line":8,"column":20},"end":{"line":8,"column":32}},"loc":{"start":{"line":8,"column":35},"end":{"line":8,"column":69}}},"3":{"name":"(anonymous_4)","decl":{"start":{"line":10,"column":12},"end":{"line":10,"column":13}},"loc":{"start":{"line":10,"column":44},"end":{"line":10,"column":95}}}},"branchMap":{},"s":{"0":2,"1":2,"2":6,"3":1,"4":6,"5":1,"6":6,"7":0,"8":2},"f":{"0":6,"1":1,"2":1,"3":0},"b":{}}
,"/home/runner/work/employees-salaries/employees-salaries/src/components/employees/employee.model.ts": {"path":"/home/runner/work/employees-salaries/employees-salaries/src/components/employees/employee.model.ts","statementMap":{"0":{"start":{"line":2,"column":0},"end":{"line":2,"column":47}},"1":{"start":{"line":10,"column":4},"end":{"line":10,"column":21}},"2":{"start":{"line":11,"column":4},"end":{"line":11,"column":33}},"3":{"start":{"line":15,"column":17},"end":{"line":15,"column":18}},"4":{"start":{"line":16,"column":4},"end":{"line":19,"column":7}},"5":{"start":{"line":17,"column":25},"end":{"line":17,"column":47}},"6":{"start":{"line":18,"column":6},"end":{"line":18,"column":27}},"7":{"start":{"line":21,"column":4},"end":{"line":21,"column":18}},"8":{"start":{"line":25,"column":0},"end":{"line":25,"column":24}}},"fnMap":{"0":{"name":"(anonymous_0)","decl":{"start":{"line":9,"column":2},"end":{"line":9,"column":14}},"loc":{"start":{"line":9,"column":51},"end":{"line":12,"column":3}}},"1":{"name":"(anonymous_1)","decl":{"start":{"line":14,"column":2},"end":{"line":14,"column":6}},"loc":{"start":{"line":14,"column":12},"end":{"line":22,"column":3}}},"2":{"name":"(anonymous_2)","decl":{"start":{"line":16,"column":28},"end":{"line":16,"column":29}},"loc":{"start":{"line":16,"column":42},"end":{"line":19,"column":5}}}},"branchMap":{},"s":{"0":2,"1":13,"2":13,"3":7,"4":7,"5":32,"6":32,"7":7,"8":2},"f":{"0":13,"1":7,"2":32},"b":{}}
,"/home/runner/work/employees-salaries/employees-salaries/src/components/employees/employee.service.ts": {"path":"/home/runner/work/employees-salaries/employees-salaries/src/components/employees/employee.service.ts","statementMap":{"0":{"start":{"line":1,"column":0},"end":{"line":1,"column":40}},"1":{"start":{"line":3,"column":0},"end":{"line":3,"column":49}},"2":{"start":{"line":4,"column":0},"end":{"line":4,"column":49}},"3":{"start":{"line":8,"column":45},"end":{"line":8,"column":89}},"4":{"start":{"line":9,"column":31},"end":{"line":9,"column":67}},"5":{"start":{"line":10,"column":4},"end":{"line":10,"column":30}},"6":{"start":{"line":14,"column":39},"end":{"line":14,"column":91}},"7":{"start":{"line":15,"column":45},"end":{"line":15,"column":83}},"8":{"start":{"line":16,"column":21},"end":{"line":16,"column":67}},"9":{"start":{"line":17,"column":4},"end":{"line":17,"column":20}},"10":{"start":{"line":21,"column":35},"end":{"line":21,"column":37}},"11":{"start":{"line":22,"column":4},"end":{"line":25,"column":7}},"12":{"start":{"line":23,"column":30},"end":{"line":23,"column":59}},"13":{"start":{"line":24,"column":6},"end":{"line":24,"column":38}},"14":{"start":{"line":26,"column":4},"end":{"line":26,"column":21}},"15":{"start":{"line":30,"column":0},"end":{"line":30,"column":31}}},"fnMap":{"0":{"name":"(anonymous_1)","decl":{"start":{"line":7,"column":10},"end":{"line":7,"column":31}},"loc":{"start":{"line":7,"column":54},"end":{"line":11,"column":3}}},"1":{"name":"(anonymous_2)","decl":{"start":{"line":13,"column":2},"end":{"line":13,"column":13}},"loc":{"start":{"line":13,"column":41},"end":{"line":18,"column":3}}},"2":{"name":"(anonymous_3)","decl":{"start":{"line":20,"column":2},"end":{"line":20,"column":14}},"loc":{"start":{"line":20,"column":36},"end":{"line":27,"column":3}}},"3":{"name":"(anonymous_4)","decl":{"start":{"line":22,"column":24},"end":{"line":22,"column":25}},"loc":{"start":{"line":22,"column":40},"end":{"line":25,"column":5}}}},"branchMap":{},"s":{"0":2,"1":2,"2":2,"3":13,"4":13,"5":13,"6":13,"7":13,"8":13,"9":13,"10":2,"11":2,"12":13,"13":13,"14":2,"15":2},"f":{"0":13,"1":13,"2":2,"3":13},"b":{}}
,"/home/runner/work/employees-salaries/employees-salaries/src/components/employees/employee.utils.ts": {"path":"/home/runner/work/employees-salaries/employees-salaries/src/components/employees/employee.utils.ts","statementMap":{"0":{"start":{"line":2,"column":0},"end":{"line":2,"column":49}},"1":{"start":{"line":3,"column":0},"end":{"line":3,"column":69}},"2":{"start":{"line":5,"column":29},"end":{"line":5,"column":82}},"3":{"start":{"line":5,"column":56},"end":{"line":5,"column":82}},"4":{"start":{"line":5,"column":13},"end":{"line":5,"column":29}},"5":{"start":{"line":7,"column":27},"end":{"line":22,"column":1}},"6":{"start":{"line":8,"column":19},"end":{"line":8,"column":37}},"7":{"start":{"line":9,"column":25},"end":{"line":9,"column":34}},"8":{"start":{"line":10,"column":29},"end":{"line":10,"column":56}},"9":{"start":{"line":11,"column":39},"end":{"line":11,"column":44}},"10":{"start":{"line":12,"column":20},"end":{"line":12,"column":60}},"11":{"start":{"line":13,"column":18},"end":{"line":13,"column":19}},"12":{"start":{"line":15,"column":2},"end":{"line":19,"column":null}},"13":{"start":{"line":15,"column":18},"end":{"line":15,"column":31}},"14":{"start":{"line":16,"column":27},"end":{"line":16,"column":50}},"15":{"start":{"line":17,"column":19},"end":{"line":17,"column":58}},"16":{"start":{"line":18,"column":4},"end":{"line":18,"column":23}},"17":{"start":{"line":21,"column":2},"end":{"line":21,"column":19}},"18":{"start":{"line":7,"column":13},"end":{"line":7,"column":27}},"19":{"start":{"line":24,"column":29},"end":{"line":42,"column":1}},"20":{"start":{"line":25,"column":35},"end":{"line":25,"column":37}},"21":{"start":{"line":27,"column":2},"end":{"line":40,"column":5}},"22":{"start":{"line":28,"column":31},"end":{"line":28,"column":57}},"23":{"start":{"line":29,"column":30},"end":{"line":29,"column":53}},"24":{"start":{"line":30,"column":39},"end":{"line":30,"column":72}},"25":{"start":{"line":32,"column":42},"end":{"line":38,"column":6}},"26":{"start":{"line":39,"column":4},"end":{"line":39,"column":39}},"27":{"start":{"line":41,"column":2},"end":{"line":41,"column":20}},"28":{"start":{"line":24,"column":13},"end":{"line":24,"column":29}}},"fnMap":{"0":{"name":"(anonymous_1)","decl":{"start":{"line":5,"column":29},"end":{"line":5,"column":30}},"loc":{"start":{"line":5,"column":56},"end":{"line":5,"column":82}}},"1":{"name":"(anonymous_2)","decl":{"start":{"line":7,"column":27},"end":{"line":7,"column":28}},"loc":{"start":{"line":7,"column":61},"end":{"line":22,"column":1}}},"2":{"name":"(anonymous_3)","decl":{"start":{"line":24,"column":29},"end":{"line":24,"column":30}},"loc":{"start":{"line":24,"column":81},"end":{"line":42,"column":1}}},"3":{"name":"(anonymous_4)","decl":{"start":{"line":27,"column":33},"end":{"line":27,"column":34}},"loc":{"start":{"line":27,"column":51},"end":{"line":40,"column":3}}}},"branchMap":{"0":{"loc":{"start":{"line":12,"column":42},"end":{"line":12,"column":44}},"type":"cond-expr","locations":[{"start":{"line":12,"column":42},"end":{"line":12,"column":44}},{"start":{"line":12,"column":47},"end":{"line":12,"column":60}}]}},"s":{"0":3,"1":3,"2":3,"3":137,"4":3,"5":3,"6":43,"7":43,"8":43,"9":43,"10":43,"11":43,"12":43,"13":43,"14":236,"15":236,"16":236,"17":43,"18":3,"19":3,"20":14,"21":14,"22":66,"23":66,"24":66,"25":66,"26":66,"27":14,"28":3},"f":{"0":137,"1":43,"2":14,"3":66},"b":{"0":[8,35]}}
,"/home/runner/work/employees-salaries/employees-salaries/src/components/employees/enums/delimiters.enum.ts": {"path":"/home/runner/work/employees-salaries/employees-salaries/src/components/employees/enums/delimiters.enum.ts","statementMap":{"0":{"start":{"line":1,"column":0},"end":{"line":1,"column":null}},"1":{"start":{"line":2,"column":2},"end":{"line":2,"column":null}},"2":{"start":{"line":3,"column":2},"end":{"line":3,"column":null}},"3":{"start":{"line":4,"column":2},"end":{"line":4,"column":null}},"4":{"start":{"line":7,"column":0},"end":{"line":7,"column":26}}},"fnMap":{"0":{"name":"(anonymous_0)","decl":{"start":{"line":1,"column":0},"end":{"line":1,"column":5}},"loc":{"start":{"line":1,"column":15},"end":{"line":5,"column":1}}}},"branchMap":{"0":{"loc":{"start":{"line":1,"column":5},"end":{"line":1,"column":15}},"type":"binary-expr","locations":[{"start":{"line":1,"column":5},"end":{"line":1,"column":15}},{"start":{"line":1,"column":5},"end":{"line":1,"column":null}}]}},"s":{"0":3,"1":3,"2":3,"3":3,"4":3},"f":{"0":3},"b":{"0":[3,3]}}
,"/home/runner/work/employees-salaries/employees-salaries/src/components/file/file-messages.ts": {"path":"/home/runner/work/employees-salaries/employees-salaries/src/components/file/file-messages.ts","statementMap":{"0":{"start":{"line":1,"column":0},"end":{"line":1,"column":null}},"1":{"start":{"line":2,"column":2},"end":{"line":2,"column":null}},"2":{"start":{"line":3,"column":2},"end":{"line":3,"column":null}},"3":{"start":{"line":4,"column":2},"end":{"line":4,"column":null}},"4":{"start":{"line":5,"column":2},"end":{"line":5,"column":null}},"5":{"start":{"line":8,"column":0},"end":{"line":8,"column":27}}},"fnMap":{"0":{"name":"(anonymous_0)","decl":{"start":{"line":1,"column":0},"end":{"line":1,"column":5}},"loc":{"start":{"line":1,"column":16},"end":{"line":6,"column":1}}}},"branchMap":{"0":{"loc":{"start":{"line":1,"column":5},"end":{"line":1,"column":16}},"type":"binary-expr","locations":[{"start":{"line":1,"column":5},"end":{"line":1,"column":16}},{"start":{"line":1,"column":5},"end":{"line":1,"column":null}}]}},"s":{"0":3,"1":3,"2":3,"3":3,"4":3,"5":3},"f":{"0":3},"b":{"0":[3,3]}}
,"/home/runner/work/employees-salaries/employees-salaries/src/components/file/file.service.ts": {"path":"/home/runner/work/employees-salaries/employees-salaries/src/components/file/file.service.ts","statementMap":{"0":{"start":{"line":3,"column":0},"end":{"line":3,"column":77}},"1":{"start":{"line":4,"column":0},"end":{"line":4,"column":77}},"2":{"start":{"line":5,"column":0},"end":{"line":5,"column":71}},"3":{"start":{"line":6,"column":0},"end":{"line":6,"column":43}},"4":{"start":{"line":10,"column":4},"end":{"line":15,"column":null}},"5":{"start":{"line":11,"column":6},"end":{"line":14,"column":8}},"6":{"start":{"line":17,"column":60},"end":{"line":17,"column":95}},"7":{"start":{"line":19,"column":4},"end":{"line":24,"column":null}},"8":{"start":{"line":20,"column":6},"end":{"line":23,"column":8}},"9":{"start":{"line":26,"column":4},"end":{"line":29,"column":6}},"10":{"start":{"line":33,"column":38},"end":{"line":33,"column":67}},"11":{"start":{"line":34,"column":30},"end":{"line":34,"column":57}},"12":{"start":{"line":36,"column":33},"end":{"line":36,"column":54}},"13":{"start":{"line":38,"column":4},"end":{"line":43,"column":null}},"14":{"start":{"line":39,"column":6},"end":{"line":42,"column":8}},"15":{"start":{"line":45,"column":4},"end":{"line":48,"column":6}},"16":{"start":{"line":52,"column":0},"end":{"line":52,"column":27}}},"fnMap":{"0":{"name":"(anonymous_8)","decl":{"start":{"line":9,"column":2},"end":{"line":9,"column":17}},"loc":{"start":{"line":9,"column":40},"end":{"line":30,"column":3}}},"1":{"name":"(anonymous_9)","decl":{"start":{"line":32,"column":8},"end":{"line":32,"column":22}},"loc":{"start":{"line":32,"column":49},"end":{"line":49,"column":null}}}},"branchMap":{"0":{"loc":{"start":{"line":10,"column":4},"end":{"line":15,"column":null}},"type":"if","locations":[{"start":{"line":10,"column":4},"end":{"line":15,"column":null}},{"start":{"line":10,"column":4},"end":{"line":15,"column":null}}]},"1":{"loc":{"start":{"line":19,"column":4},"end":{"line":24,"column":null}},"type":"if","locations":[{"start":{"line":19,"column":4},"end":{"line":24,"column":null}},{"start":{"line":19,"column":4},"end":{"line":24,"column":null}}]},"2":{"loc":{"start":{"line":38,"column":4},"end":{"line":43,"column":null}},"type":"if","locations":[{"start":{"line":38,"column":4},"end":{"line":43,"column":null}},{"start":{"line":38,"column":4},"end":{"line":43,"column":null}}]}},"s":{"0":2,"1":2,"2":2,"3":2,"4":8,"5":2,"6":6,"7":6,"8":2,"9":4,"10":3,"11":3,"12":3,"13":3,"14":1,"15":2,"16":2},"f":{"0":8,"1":3},"b":{"0":[2,6],"1":[2,4],"2":[1,2]}}
,"/home/runner/work/employees-salaries/employees-salaries/src/components/file/file.utils.ts": {"path":"/home/runner/work/employees-salaries/employees-salaries/src/components/file/file.utils.ts","statementMap":{"0":{"start":{"line":1,"column":0},"end":{"line":1,"column":20}},"1":{"start":{"line":2,"column":0},"end":{"line":2,"column":24}},"2":{"start":{"line":3,"column":0},"end":{"line":3,"column":42}},"3":{"start":{"line":6,"column":33},"end":{"line":9,"column":1}},"4":{"start":{"line":7,"column":31},"end":{"line":7,"column":75}},"5":{"start":{"line":8,"column":2},"end":{"line":8,"column":21}},"6":{"start":{"line":6,"column":13},"end":{"line":6,"column":33}},"7":{"start":{"line":11,"column":32},"end":{"line":15,"column":1}},"8":{"start":{"line":12,"column":40},"end":{"line":12,"column":48}},"9":{"start":{"line":13,"column":33},"end":{"line":13,"column":55}},"10":{"start":{"line":14,"column":2},"end":{"line":14,"column":52}},"11":{"start":{"line":11,"column":13},"end":{"line":11,"column":32}},"12":{"start":{"line":17,"column":30},"end":{"line":21,"column":1}},"13":{"start":{"line":18,"column":33},"end":{"line":18,"column":93}},"14":{"start":{"line":19,"column":38},"end":{"line":19,"column":94}},"15":{"start":{"line":19,"column":71},"end":{"line":19,"column":93}},"16":{"start":{"line":20,"column":2},"end":{"line":20,"column":26}},"17":{"start":{"line":17,"column":13},"end":{"line":17,"column":30}},"18":{"start":{"line":23,"column":30},"end":{"line":23,"column":89}},"19":{"start":{"line":23,"column":67},"end":{"line":23,"column":89}},"20":{"start":{"line":23,"column":13},"end":{"line":23,"column":30}},"21":{"start":{"line":25,"column":27},"end":{"line":53,"column":1}},"22":{"start":{"line":26,"column":2},"end":{"line":31,"column":null}},"23":{"start":{"line":27,"column":4},"end":{"line":30,"column":6}},"24":{"start":{"line":33,"column":2},"end":{"line":38,"column":null}},"25":{"start":{"line":34,"column":4},"end":{"line":37,"column":6}},"26":{"start":{"line":40,"column":33},"end":{"line":40,"column":57}},"27":{"start":{"line":42,"column":2},"end":{"line":47,"column":null}},"28":{"start":{"line":43,"column":4},"end":{"line":46,"column":6}},"29":{"start":{"line":49,"column":2},"end":{"line":52,"column":4}},"30":{"start":{"line":25,"column":13},"end":{"line":25,"column":27}}},"fnMap":{"0":{"name":"(anonymous_1)","decl":{"start":{"line":6,"column":33},"end":{"line":6,"column":36}},"loc":{"start":{"line":6,"column":38},"end":{"line":9,"column":1}}},"1":{"name":"(anonymous_2)","decl":{"start":{"line":11,"column":32},"end":{"line":11,"column":33}},"loc":{"start":{"line":11,"column":63},"end":{"line":15,"column":1}}},"2":{"name":"(anonymous_3)","decl":{"start":{"line":17,"column":30},"end":{"line":17,"column":31}},"loc":{"start":{"line":17,"column":63},"end":{"line":21,"column":1}}},"3":{"name":"(anonymous_4)","decl":{"start":{"line":19,"column":57},"end":{"line":19,"column":58}},"loc":{"start":{"line":19,"column":71},"end":{"line":19,"column":93}}},"4":{"name":"(anonymous_5)","decl":{"start":{"line":23,"column":30},"end":{"line":23,"column":31}},"loc":{"start":{"line":23,"column":67},"end":{"line":23,"column":89}}},"5":{"name":"(anonymous_6)","decl":{"start":{"line":25,"column":27},"end":{"line":25,"column":28}},"loc":{"start":{"line":25,"column":66},"end":{"line":53,"column":1}}}},"branchMap":{"0":{"loc":{"start":{"line":26,"column":2},"end":{"line":31,"column":null}},"type":"if","locations":[{"start":{"line":26,"column":2},"end":{"line":31,"column":null}},{"start":{"line":26,"column":2},"end":{"line":31,"column":null}}]},"1":{"loc":{"start":{"line":33,"column":2},"end":{"line":38,"column":null}},"type":"if","locations":[{"start":{"line":33,"column":2},"end":{"line":38,"column":null}},{"start":{"line":33,"column":2},"end":{"line":38,"column":null}}]},"2":{"loc":{"start":{"line":42,"column":2},"end":{"line":47,"column":null}},"type":"if","locations":[{"start":{"line":42,"column":2},"end":{"line":47,"column":null}},{"start":{"line":42,"column":2},"end":{"line":47,"column":null}}]}},"s":{"0":3,"1":3,"2":3,"3":3,"4":4,"5":4,"6":3,"7":3,"8":6,"9":6,"10":6,"11":3,"12":3,"13":4,"14":4,"15":19,"16":4,"17":3,"18":3,"19":4,"20":3,"21":3,"22":7,"23":2,"24":5,"25":1,"26":4,"27":4,"28":1,"29":3,"30":3},"f":{"0":4,"1":6,"2":4,"3":19,"4":4,"5":7},"b":{"0":[2,5],"1":[1,4],"2":[1,3]}}
,"/home/runner/work/employees-salaries/employees-salaries/src/components/user-interface/user-interface.controller.ts": {"path":"/home/runner/work/employees-salaries/employees-salaries/src/components/user-interface/user-interface.controller.ts","statementMap":{"0":{"start":{"line":1,"column":0},"end":{"line":1,"column":51}},"1":{"start":{"line":2,"column":0},"end":{"line":2,"column":61}},"2":{"start":{"line":3,"column":0},"end":{"line":3,"column":60}},"3":{"start":{"line":4,"column":0},"end":{"line":4,"column":70}},"4":{"start":{"line":5,"column":0},"end":{"line":5,"column":39}},"5":{"start":{"line":11,"column":4},"end":{"line":11,"column":59}},"6":{"start":{"line":15,"column":4},"end":{"line":15,"column":20}},"7":{"start":{"line":16,"column":4},"end":{"line":16,"column":34}},"8":{"start":{"line":17,"column":4},"end":{"line":17,"column":39}},"9":{"start":{"line":19,"column":40},"end":{"line":21,"column":null}},"10":{"start":{"line":27,"column":8},"end":{"line":27,"column":65}},"11":{"start":{"line":29,"column":4},"end":{"line":33,"column":null}},"12":{"start":{"line":30,"column":31},"end":{"line":30,"column":80}},"13":{"start":{"line":31,"column":27},"end":{"line":31,"column":70}},"14":{"start":{"line":32,"column":6},"end":{"line":32,"column":73}},"15":{"start":{"line":35,"column":33},"end":{"line":35,"column":92}},"16":{"start":{"line":37,"column":4},"end":{"line":39,"column":null}},"17":{"start":{"line":38,"column":6},"end":{"line":38,"column":63}},"18":{"start":{"line":41,"column":22},"end":{"line":41,"column":69}},"19":{"start":{"line":43,"column":4},"end":{"line":43,"column":21}},"20":{"start":{"line":47,"column":0},"end":{"line":47,"column":39}}},"fnMap":{"0":{"name":"(anonymous_8)","decl":{"start":{"line":10,"column":2},"end":{"line":10,"column":null}},"loc":{"start":{"line":10,"column":2},"end":{"line":12,"column":3}}},"1":{"name":"(anonymous_9)","decl":{"start":{"line":14,"column":8},"end":{"line":14,"column":15}},"loc":{"start":{"line":14,"column":15},"end":{"line":44,"column":null}}}},"branchMap":{"0":{"loc":{"start":{"line":29,"column":4},"end":{"line":33,"column":null}},"type":"if","locations":[{"start":{"line":29,"column":4},"end":{"line":33,"column":null}},{"start":{"line":29,"column":4},"end":{"line":33,"column":null}}]},"1":{"loc":{"start":{"line":31,"column":46},"end":{"line":31,"column":57}},"type":"cond-expr","locations":[{"start":{"line":31,"column":46},"end":{"line":31,"column":57}},{"start":{"line":31,"column":60},"end":{"line":31,"column":70}}]},"2":{"loc":{"start":{"line":37,"column":4},"end":{"line":39,"column":null}},"type":"if","locations":[{"start":{"line":37,"column":4},"end":{"line":39,"column":null}},{"start":{"line":37,"column":4},"end":{"line":39,"column":null}}]}},"s":{"0":1,"1":1,"2":1,"3":1,"4":1,"5":4,"6":4,"7":4,"8":4,"9":4,"10":4,"11":4,"12":2,"13":2,"14":2,"15":2,"16":2,"17":1,"18":1,"19":1,"20":1},"f":{"0":4,"1":4},"b":{"0":[2,2],"1":[1,1],"2":[1,1]}}
,"/home/runner/work/employees-salaries/employees-salaries/src/components/user-interface/user-interface.messages.ts": {"path":"/home/runner/work/employees-salaries/employees-salaries/src/components/user-interface/user-interface.messages.ts","statementMap":{"0":{"start":{"line":1,"column":0},"end":{"line":1,"column":null}},"1":{"start":{"line":2,"column":2},"end":{"line":2,"column":null}},"2":{"start":{"line":3,"column":2},"end":{"line":3,"column":null}},"3":{"start":{"line":4,"column":2},"end":{"line":4,"column":null}},"4":{"start":{"line":5,"column":2},"end":{"line":5,"column":null}},"5":{"start":{"line":6,"column":2},"end":{"line":6,"column":null}},"6":{"start":{"line":9,"column":0},"end":{"line":9,"column":36}}},"fnMap":{"0":{"name":"(anonymous_0)","decl":{"start":{"line":1,"column":0},"end":{"line":1,"column":5}},"loc":{"start":{"line":1,"column":25},"end":{"line":7,"column":1}}}},"branchMap":{"0":{"loc":{"start":{"line":1,"column":5},"end":{"line":1,"column":25}},"type":"binary-expr","locations":[{"start":{"line":1,"column":5},"end":{"line":1,"column":25}},{"start":{"line":1,"column":5},"end":{"line":1,"column":null}}]}},"s":{"0":2,"1":2,"2":2,"3":2,"4":2,"5":2,"6":2},"f":{"0":2},"b":{"0":[2,2]}}
,"/home/runner/work/employees-salaries/employees-salaries/src/components/user-interface/user-interface.model.ts": {"path":"/home/runner/work/employees-salaries/employees-salaries/src/components/user-interface/user-interface.model.ts","statementMap":{"0":{"start":{"line":1,"column":0},"end":{"line":1,"column":20}},"1":{"start":{"line":2,"column":0},"end":{"line":2,"column":24}},"2":{"start":{"line":3,"column":0},"end":{"line":3,"column":30}},"3":{"start":{"line":5,"column":0},"end":{"line":5,"column":39}},"4":{"start":{"line":7,"column":26},"end":{"line":7,"column":67}},"5":{"start":{"line":8,"column":24},"end":{"line":8,"column":74}},"6":{"start":{"line":16,"column":4},"end":{"line":16,"column":40}},"7":{"start":{"line":17,"column":4},"end":{"line":17,"column":52}},"8":{"start":{"line":21,"column":4},"end":{"line":21,"column":39}},"9":{"start":{"line":22,"column":4},"end":{"line":22,"column":57}},"10":{"start":{"line":11,"column":17},"end":{"line":11,"column":93}},"11":{"start":{"line":13,"column":17},"end":{"line":13,"column":96}},"12":{"start":{"line":25,"column":9},"end":{"line":27,"column":4}},"13":{"start":{"line":26,"column":4},"end":{"line":26,"column":23}},"14":{"start":{"line":29,"column":9},"end":{"line":35,"column":4}},"15":{"start":{"line":30,"column":4},"end":{"line":34,"column":6}},"16":{"start":{"line":31,"column":6},"end":{"line":33,"column":9}},"17":{"start":{"line":32,"column":8},"end":{"line":32,"column":27}},"18":{"start":{"line":38,"column":0},"end":{"line":38,"column":29}}},"fnMap":{"0":{"name":"(anonymous_1)","decl":{"start":{"line":15,"column":2},"end":{"line":15,"column":8}},"loc":{"start":{"line":15,"column":22},"end":{"line":18,"column":3}}},"1":{"name":"(anonymous_2)","decl":{"start":{"line":20,"column":2},"end":{"line":20,"column":8}},"loc":{"start":{"line":20,"column":27},"end":{"line":23,"column":3}}},"2":{"name":"(anonymous_3)","decl":{"start":{"line":25,"column":27},"end":{"line":25,"column":28}},"loc":{"start":{"line":25,"column":52},"end":{"line":27,"column":3}}},"3":{"name":"(anonymous_4)","decl":{"start":{"line":29,"column":24},"end":{"line":29,"column":25}},"loc":{"start":{"line":30,"column":4},"end":{"line":34,"column":6}}},"4":{"name":"(anonymous_5)","decl":{"start":{"line":30,"column":16},"end":{"line":30,"column":17}},"loc":{"start":{"line":30,"column":28},"end":{"line":34,"column":5}}},"5":{"name":"(anonymous_6)","decl":{"start":{"line":31,"column":35},"end":{"line":31,"column":36}},"loc":{"start":{"line":31,"column":57},"end":{"line":33,"column":7}}}},"branchMap":{},"s":{"0":2,"1":2,"2":2,"3":2,"4":2,"5":2,"6":4,"7":4,"8":4,"9":4,"10":2,"11":2,"12":2,"13":11,"14":2,"15":0,"16":0,"17":0,"18":2},"f":{"0":4,"1":4,"2":11,"3":0,"4":0,"5":0},"b":{}}
,"/home/runner/work/employees-salaries/employees-salaries/src/components/user-interface/user-interface.service.ts": {"path":"/home/runner/work/employees-salaries/employees-salaries/src/components/user-interface/user-interface.service.ts","statementMap":{"0":{"start":{"line":1,"column":0},"end":{"line":1,"column":47}},"1":{"start":{"line":3,"column":0},"end":{"line":3,"column":60}},"2":{"start":{"line":12,"column":4},"end":{"line":12,"column":41}},"3":{"start":{"line":13,"column":4},"end":{"line":13,"column":49}},"4":{"start":{"line":17,"column":4},"end":{"line":17,"column":60}},"5":{"start":{"line":21,"column":4},"end":{"line":21,"column":53}},"6":{"start":{"line":25,"column":4},"end":{"line":25,"column":58}},"7":{"start":{"line":29,"column":0},"end":{"line":29,"column":36}}},"fnMap":{"0":{"name":"(anonymous_8)","decl":{"start":{"line":11,"column":2},"end":{"line":11,"column":null}},"loc":{"start":{"line":11,"column":2},"end":{"line":14,"column":3}}},"1":{"name":"(anonymous_9)","decl":{"start":{"line":16,"column":2},"end":{"line":16,"column":13}},"loc":{"start":{"line":16,"column":36},"end":{"line":18,"column":3}}},"2":{"name":"(anonymous_10)","decl":{"start":{"line":20,"column":8},"end":{"line":20,"column":18}},"loc":{"start":{"line":20,"column":45},"end":{"line":22,"column":null}}},"3":{"name":"(anonymous_12)","decl":{"start":{"line":24,"column":2},"end":{"line":24,"column":14}},"loc":{"start":{"line":24,"column":36},"end":{"line":26,"column":3}}}},"branchMap":{},"s":{"0":1,"1":1,"2":4,"3":4,"4":4,"5":1,"6":1,"7":1},"f":{"0":4,"1":4,"2":1,"3":1},"b":{}}
,"/home/runner/work/employees-salaries/employees-salaries/src/components/user-interface/user-interface.utils.ts": {"path":"/home/runner/work/employees-salaries/employees-salaries/src/components/user-interface/user-interface.utils.ts","statementMap":{"0":{"start":{"line":1,"column":0},"end":{"line":1,"column":32}},"1":{"start":{"line":2,"column":0},"end":{"line":2,"column":51}},"2":{"start":{"line":4,"column":0},"end":{"line":4,"column":39}},"3":{"start":{"line":6,"column":24},"end":{"line":15,"column":1}},"4":{"start":{"line":11,"column":2},"end":{"line":11,"column":39}},"5":{"start":{"line":12,"column":2},"end":{"line":12,"column":23}},"6":{"start":{"line":13,"column":2},"end":{"line":13,"column":29}},"7":{"start":{"line":14,"column":2},"end":{"line":14,"column":19}},"8":{"start":{"line":6,"column":13},"end":{"line":6,"column":24}},"9":{"start":{"line":17,"column":13},"end":{"line":20,"column":3}},"10":{"start":{"line":22,"column":29},"end":{"line":27,"column":1}},"11":{"start":{"line":23,"column":2},"end":{"line":23,"column":45}},"12":{"start":{"line":24,"column":2},"end":{"line":26,"column":5}},"13":{"start":{"line":25,"column":4},"end":{"line":25,"column":63}},"14":{"start":{"line":22,"column":13},"end":{"line":22,"column":29}}},"fnMap":{"0":{"name":"(anonymous_1)","decl":{"start":{"line":6,"column":24},"end":{"line":6,"column":null}},"loc":{"start":{"line":10,"column":16},"end":{"line":15,"column":1}}},"1":{"name":"(anonymous_2)","decl":{"start":{"line":22,"column":29},"end":{"line":22,"column":30}},"loc":{"start":{"line":22,"column":55},"end":{"line":27,"column":1}}},"2":{"name":"(anonymous_3)","decl":{"start":{"line":24,"column":20},"end":{"line":24,"column":21}},"loc":{"start":{"line":24,"column":41},"end":{"line":26,"column":3}}}},"branchMap":{},"s":{"0":2,"1":2,"2":2,"3":2,"4":3,"5":3,"6":3,"7":3,"8":2,"9":2,"10":2,"11":0,"12":0,"13":0,"14":2},"f":{"0":3,"1":0,"2":0},"b":{}}
,"/home/runner/work/employees-salaries/employees-salaries/src/utils/color.ts": {"path":"/home/runner/work/employees-salaries/employees-salaries/src/utils/color.ts","statementMap":{"0":{"start":{"line":1,"column":0},"end":{"line":1,"column":null}},"1":{"start":{"line":2,"column":2},"end":{"line":2,"column":null}},"2":{"start":{"line":3,"column":2},"end":{"line":3,"column":null}},"3":{"start":{"line":4,"column":2},"end":{"line":4,"column":null}},"4":{"start":{"line":5,"column":2},"end":{"line":5,"column":null}},"5":{"start":{"line":6,"column":2},"end":{"line":6,"column":null}},"6":{"start":{"line":7,"column":2},"end":{"line":7,"column":null}},"7":{"start":{"line":8,"column":2},"end":{"line":8,"column":null}},"8":{"start":{"line":11,"column":0},"end":{"line":11,"column":22}}},"fnMap":{"0":{"name":"(anonymous_0)","decl":{"start":{"line":1,"column":0},"end":{"line":1,"column":5}},"loc":{"start":{"line":1,"column":11},"end":{"line":9,"column":1}}}},"branchMap":{"0":{"loc":{"start":{"line":1,"column":5},"end":{"line":1,"column":11}},"type":"binary-expr","locations":[{"start":{"line":1,"column":5},"end":{"line":1,"column":11}},{"start":{"line":1,"column":5},"end":{"line":1,"column":null}}]}},"s":{"0":2,"1":2,"2":2,"3":2,"4":2,"5":2,"6":2,"7":2,"8":2},"f":{"0":2},"b":{"0":[2,2]}}
}
