TN:
SF:src/common/file-path/file-path.context.ts
FN:6,(anonymous_8)
FN:8,(anonymous_9)
FNF:2
FNH:2
FNDA:3,(anonymous_8)
FNDA:1,(anonymous_9)
DA:2,2
DA:3,2
DA:6,3
DA:9,1
DA:10,1
DA:12,1
DA:13,0
DA:19,1
DA:20,1
DA:24,2
LF:10
LH:9
BRDA:12,0,0,0
BRDA:12,0,1,1
BRF:2
BRH:1
end_of_record
TN:
SF:src/common/file-path/file-path.utils.ts
FN:6,(anonymous_1)
FN:24,(anonymous_2)
FNF:2
FNH:2
FNDA:6,(anonymous_1)
FNDA:14,(anonymous_2)
DA:2,2
DA:3,2
DA:4,2
DA:6,2
DA:7,6
DA:9,6
DA:24,14
DA:26,6
LF:8
LH:8
BRDA:26,0,0,2
BRDA:26,0,1,4
BRDA:26,1,0,6
BRDA:26,1,1,6
BRF:4
BRH:4
end_of_record
TN:
SF:src/common/schedule/work-schedule.model.ts
FN:6,(anonymous_0)
FN:35,(anonymous_1)
FN:37,(anonymous_2)
FN:43,(anonymous_3)
FNF:4
FNH:4
FNDA:43,(anonymous_0)
FNDA:236,(anonymous_1)
FNDA:506,(anonymous_2)
FNDA:43,(anonymous_3)
DA:7,43
DA:13,43
DA:20,43
DA:36,236
DA:37,506
DA:40,236
DA:44,43
DA:45,43
DA:49,3
LF:9
LH:9
BRDA:37,0,0,506
BRDA:37,0,1,506
BRDA:40,1,0,0
BRDA:40,1,1,236
BRDA:40,2,0,236
BRDA:40,2,1,236
BRDA:45,3,0,30
BRDA:45,3,1,13
BRF:8
BRH:7
end_of_record
TN:
SF:src/common/strategies/file-path/default-file.ts
FN:4,(anonymous_0)
FN:5,(anonymous_1)
FN:7,(anonymous_2)
FN:9,(anonymous_3)
FNF:4
FNH:3
FNDA:6,(anonymous_0)
FNDA:1,(anonymous_1)
FNDA:1,(anonymous_2)
FNDA:0,(anonymous_3)
DA:2,2
DA:5,6
DA:7,6
DA:9,6
DA:12,2
LF:5
LH:5
BRF:0
BRH:0
end_of_record
TN:
SF:src/common/strategies/file-path/file-directory.ts
FN:4,(anonymous_1)
FN:5,(anonymous_2)
FN:7,(anonymous_3)
FN:9,(anonymous_4)
FNF:4
FNH:3
FNDA:8,(anonymous_1)
FNDA:1,(anonymous_2)
FNDA:1,(anonymous_3)
FNDA:0,(anonymous_4)
DA:1,2
DA:5,8
DA:7,8
DA:9,8
DA:12,2
LF:5
LH:5
BRF:0
BRH:0
end_of_record
TN:
SF:src/common/strategies/file-path/file-project.ts
FN:5,(anonymous_1)
FN:6,(anonymous_2)
FN:8,(anonymous_3)
FN:10,(anonymous_4)
FNF:4
FNH:3
FNDA:6,(anonymous_1)
FNDA:1,(anonymous_2)
FNDA:1,(anonymous_3)
FNDA:0,(anonymous_4)
DA:1,2
DA:2,2
DA:6,6
DA:8,6
DA:10,6
DA:13,2
LF:6
LH:6
BRF:0
BRH:0
end_of_record
TN:
SF:src/components/employees/employee.model.ts
FN:9,(anonymous_0)
FN:14,(anonymous_1)
FN:16,(anonymous_2)
FNF:3
FNH:3
FNDA:13,(anonymous_0)
FNDA:7,(anonymous_1)
FNDA:32,(anonymous_2)
DA:2,2
DA:10,13
DA:11,13
DA:15,7
DA:16,7
DA:17,32
DA:18,32
DA:21,7
DA:25,2
LF:9
LH:9
BRF:0
BRH:0
end_of_record
TN:
SF:src/components/employees/employee.service.ts
FN:7,(anonymous_1)
FN:13,(anonymous_2)
FN:20,(anonymous_3)
FN:22,(anonymous_4)
FNF:4
FNH:4
FNDA:13,(anonymous_1)
FNDA:13,(anonymous_2)
FNDA:2,(anonymous_3)
FNDA:13,(anonymous_4)
DA:1,2
DA:3,2
DA:4,2
DA:8,13
DA:9,13
DA:10,13
DA:14,13
DA:15,13
DA:16,13
DA:17,13
DA:21,2
DA:22,2
DA:23,13
DA:24,13
DA:26,2
DA:30,2
LF:16
LH:16
BRF:0
BRH:0
end_of_record
TN:
SF:src/components/employees/employee.utils.ts
FN:5,(anonymous_1)
FN:7,(anonymous_2)
FN:24,(anonymous_3)
FN:27,(anonymous_4)
FNF:4
FNH:4
FNDA:137,(anonymous_1)
FNDA:43,(anonymous_2)
FNDA:14,(anonymous_3)
FNDA:66,(anonymous_4)
DA:2,3
DA:3,3
DA:5,137
DA:7,3
DA:8,43
DA:9,43
DA:10,43
DA:11,43
DA:12,43
DA:13,43
DA:15,43
DA:16,236
DA:17,236
DA:18,236
DA:21,43
DA:24,3
DA:25,14
DA:27,14
DA:28,66
DA:29,66
DA:30,66
DA:32,66
DA:39,66
DA:41,14
LF:24
LH:24
BRDA:12,0,0,8
BRDA:12,0,1,35
BRF:2
BRH:2
end_of_record
TN:
SF:src/components/employees/enums/delimiters.enum.ts
FN:1,(anonymous_0)
FNF:1
FNH:1
FNDA:3,(anonymous_0)
DA:1,3
DA:2,3
DA:3,3
DA:4,3
DA:7,3
LF:5
LH:5
BRDA:1,0,0,3
BRDA:1,0,1,3
BRF:2
BRH:2
end_of_record
TN:
SF:src/components/file/file-messages.ts
FN:1,(anonymous_0)
FNF:1
FNH:1
FNDA:3,(anonymous_0)
DA:1,3
DA:2,3
DA:3,3
DA:4,3
DA:5,3
DA:8,3
LF:6
LH:6
BRDA:1,0,0,3
BRDA:1,0,1,3
BRF:2
BRH:2
end_of_record
TN:
SF:src/components/file/file.service.ts
FN:9,(anonymous_8)
FN:32,(anonymous_9)
FNF:2
FNH:2
FNDA:8,(anonymous_8)
FNDA:3,(anonymous_9)
DA:3,2
DA:4,2
DA:5,2
DA:6,2
DA:10,8
DA:11,2
DA:17,6
DA:19,6
DA:20,2
DA:26,4
DA:33,3
DA:34,3
DA:36,3
DA:38,3
DA:39,1
DA:45,2
DA:52,2
LF:17
LH:17
BRDA:10,0,0,2
BRDA:10,0,1,6
BRDA:19,1,0,2
BRDA:19,1,1,4
BRDA:38,2,0,1
BRDA:38,2,1,2
BRF:6
BRH:6
end_of_record
TN:
SF:src/components/file/file.utils.ts
FN:6,(anonymous_1)
FN:11,(anonymous_2)
FN:17,(anonymous_3)
FN:19,(anonymous_4)
FN:23,(anonymous_5)
FN:25,(anonymous_6)
FNF:6
FNH:6
FNDA:4,(anonymous_1)
FNDA:6,(anonymous_2)
FNDA:4,(anonymous_3)
FNDA:19,(anonymous_4)
FNDA:4,(anonymous_5)
FNDA:7,(anonymous_6)
DA:1,3
DA:2,3
DA:3,3
DA:6,3
DA:7,4
DA:8,4
DA:11,3
DA:12,6
DA:13,6
DA:14,6
DA:17,3
DA:18,4
DA:19,19
DA:20,4
DA:23,4
DA:25,3
DA:26,7
DA:27,2
DA:33,5
DA:34,1
DA:40,4
DA:42,4
DA:43,1
DA:49,3
LF:24
LH:24
BRDA:26,0,0,2
BRDA:26,0,1,5
BRDA:33,1,0,1
BRDA:33,1,1,4
BRDA:42,2,0,1
BRDA:42,2,1,3
BRF:6
BRH:6
end_of_record
TN:
SF:src/components/user-interface/user-interface.controller.ts
FN:10,(anonymous_8)
FN:14,(anonymous_9)
FNF:2
FNH:2
FNDA:4,(anonymous_8)
FNDA:4,(anonymous_9)
DA:1,1
DA:2,1
DA:3,1
DA:4,1
DA:5,1
DA:11,4
DA:15,4
DA:16,4
DA:17,4
DA:19,4
DA:27,4
DA:29,4
DA:30,2
DA:31,2
DA:32,2
DA:35,2
DA:37,2
DA:38,1
DA:41,1
DA:43,1
DA:47,1
LF:21
LH:21
BRDA:29,0,0,2
BRDA:29,0,1,2
BRDA:31,1,0,1
BRDA:31,1,1,1
BRDA:37,2,0,1
BRDA:37,2,1,1
BRF:6
BRH:6
end_of_record
TN:
SF:src/components/user-interface/user-interface.messages.ts
FN:1,(anonymous_0)
FNF:1
FNH:1
FNDA:2,(anonymous_0)
DA:1,2
DA:2,2
DA:3,2
DA:4,2
DA:5,2
DA:6,2
DA:9,2
LF:7
LH:7
BRDA:1,0,0,2
BRDA:1,0,1,2
BRF:2
BRH:2
end_of_record
TN:
SF:src/components/user-interface/user-interface.model.ts
FN:15,(anonymous_1)
FN:20,(anonymous_2)
FN:25,(anonymous_3)
FN:29,(anonymous_4)
FN:30,(anonymous_5)
FN:31,(anonymous_6)
FNF:6
FNH:3
FNDA:4,(anonymous_1)
FNDA:4,(anonymous_2)
FNDA:11,(anonymous_3)
FNDA:0,(anonymous_4)
FNDA:0,(anonymous_5)
FNDA:0,(anonymous_6)
DA:1,2
DA:2,2
DA:3,2
DA:5,2
DA:7,2
DA:8,2
DA:11,2
DA:13,2
DA:16,4
DA:17,4
DA:21,4
DA:22,4
DA:25,2
DA:26,11
DA:29,2
DA:30,0
DA:31,0
DA:32,0
DA:38,2
LF:19
LH:16
BRF:0
BRH:0
end_of_record
TN:
SF:src/components/user-interface/user-interface.service.ts
FN:11,(anonymous_8)
FN:16,(anonymous_9)
FN:20,(anonymous_10)
FN:24,(anonymous_12)
FNF:4
FNH:4
FNDA:4,(anonymous_8)
FNDA:4,(anonymous_9)
FNDA:1,(anonymous_10)
FNDA:1,(anonymous_12)
DA:1,1
DA:3,1
DA:12,4
DA:13,4
DA:17,4
DA:21,1
DA:25,1
DA:29,1
LF:8
LH:8
BRF:0
BRH:0
end_of_record
TN:
SF:src/components/user-interface/user-interface.utils.ts
FN:6,(anonymous_1)
FN:22,(anonymous_2)
FN:24,(anonymous_3)
FNF:3
FNH:1
FNDA:3,(anonymous_1)
FNDA:0,(anonymous_2)
FNDA:0,(anonymous_3)
DA:1,2
DA:2,2
DA:4,2
DA:6,2
DA:11,3
DA:12,3
DA:13,3
DA:14,3
DA:17,2
DA:22,2
DA:23,0
DA:24,0
DA:25,0
LF:13
LH:10
BRF:0
BRH:0
end_of_record
TN:
SF:src/utils/color.ts
FN:1,(anonymous_0)
FNF:1
FNH:1
FNDA:2,(anonymous_0)
DA:1,2
DA:2,2
DA:3,2
DA:4,2
DA:5,2
DA:6,2
DA:7,2
DA:8,2
DA:11,2
LF:9
LH:9
BRDA:1,0,0,2
BRDA:1,0,1,2
BRF:2
BRH:2
end_of_record
